#
# There is insufficient memory for the Java Runtime Environment to continue.
# Native memory allocation (malloc) failed to allocate 32744 bytes for ChunkPool::allocate
# Possible reasons:
#   The system is out of physical RAM or swap space
#   The process is running with CompressedOops enabled, and the Java Heap may be blocking the growth of the native heap
# Possible solutions:
#   Reduce memory load on the system
#   Increase physical memory or swap space
#   Check if swap backing store is full
#   Decrease Java heap size (-Xmx/-Xms)
#   Decrease number of Java threads
#   Decrease Java thread stack sizes (-Xss)
#   Set larger code cache with -XX:ReservedCodeCacheSize=
#   JVM is running with Unscaled Compressed Oops mode in which the Java heap is
#     placed in the first 4GB address space. The Java Heap base address is the
#     maximum limit for the native heap growth. Please use -XX:HeapBaseMinAddress
#     to set the Java Heap base and to place the Java Heap above 4GB virtual address.
# This output file may be truncated or incomplete.
#
#  Out of Memory Error (allocation.cpp:272), pid=54140, tid=0x000000000000d710
#
# JRE version: Java(TM) SE Runtime Environment (8.0_281-b09) (build 1.8.0_281-b09)
# Java VM: Java HotSpot(TM) 64-Bit Server VM (25.281-b09 mixed mode windows-amd64 compressed oops)
# Failed to write core dump. Minidumps are not enabled by default on client versions of Windows
#

---------------  T H R E A D  ---------------

Current thread (0x0000020a7d089000):  JavaThread "C2 CompilerThread2" daemon [_thread_in_vm, id=55056, stack(0x00000049fc800000,0x00000049fc900000)]

Stack: [0x00000049fc800000,0x00000049fc900000]
Native frames: (J=compiled Java code, j=interpreted, Vv=VM code, C=native code)
V  [jvm.dll+0x32e5b9]
V  [jvm.dll+0x275012]
V  [jvm.dll+0x275cbd]
V  [jvm.dll+0x26c6f5]
V  [jvm.dll+0xd569d]
V  [jvm.dll+0xd59fc]
V  [jvm.dll+0xd554d]
V  [jvm.dll+0x4c5d1f]
V  [jvm.dll+0x4e0a2a]
V  [jvm.dll+0x437632]
V  [jvm.dll+0x4403d5]
V  [jvm.dll+0x43e9fb]
V  [jvm.dll+0x4e7a92]
V  [jvm.dll+0x4e77e4]
V  [jvm.dll+0x42a7b1]
V  [jvm.dll+0xab1cf]
V  [jvm.dll+0xaa35c]
V  [jvm.dll+0x23d6b2]
V  [jvm.dll+0x291cbc]
C  [ucrtbase.dll+0x210b2]
C  [KERNEL32.DLL+0x17c24]
C  [ntdll.dll+0x6d4d1]


---------------  P R O C E S S  ---------------

Java Threads: ( => current thread )
  0x0000020a7e440800 JavaThread "Service Thread" daemon [_thread_blocked, id=11892, stack(0x00000049fca00000,0x00000049fcb00000)]
  0x0000020a7d08e800 JavaThread "C1 CompilerThread3" daemon [_thread_blocked, id=39432, stack(0x00000049fc900000,0x00000049fca00000)]
=>0x0000020a7d089000 JavaThread "C2 CompilerThread2" daemon [_thread_in_vm, id=55056, stack(0x00000049fc800000,0x00000049fc900000)]
  0x0000020a7d088000 JavaThread "C2 CompilerThread1" daemon [_thread_blocked, id=47136, stack(0x00000049fc700000,0x00000049fc800000)]
  0x0000020a7d082000 JavaThread "C2 CompilerThread0" daemon [_thread_blocked, id=16260, stack(0x00000049fc600000,0x00000049fc700000)]
  0x0000020a7d07d800 JavaThread "Attach Listener" daemon [_thread_blocked, id=34940, stack(0x00000049fc500000,0x00000049fc600000)]
  0x0000020a7d07c800 JavaThread "Signal Dispatcher" daemon [_thread_blocked, id=47000, stack(0x00000049fc400000,0x00000049fc500000)]
  0x0000020a7c45d000 JavaThread "Finalizer" daemon [_thread_blocked, id=11084, stack(0x00000049fc300000,0x00000049fc400000)]
  0x0000020a7d05a000 JavaThread "Reference Handler" daemon [_thread_blocked, id=49944, stack(0x00000049fc200000,0x00000049fc300000)]
  0x0000020a66653800 JavaThread "main" [_thread_in_native, id=14692, stack(0x00000049fb800000,0x00000049fb900000)]

Other Threads:
  0x0000020a7d034000 VMThread [stack: 0x00000049fc100000,0x00000049fc200000] [id=52356]
  0x0000020a7d10c000 WatcherThread [stack: 0x00000049fcb00000,0x00000049fcc00000] [id=51888]

VM state:not at safepoint (normal execution)

VM Mutex/Monitor currently owned by a thread: None

heap address: 0x0000000083400000, size: 1996 MB, Compressed Oops mode: 32-bit
Narrow klass base: 0x0000000000000000, Narrow klass shift: 3
Compressed class space size: 1073741824 Address: 0x0000000100000000

Heap:
 PSYoungGen      total 37888K, used 2634K [0x00000000d6700000, 0x00000000d9100000, 0x0000000100000000)
  eden space 32768K, 8% used [0x00000000d6700000,0x00000000d69928a8,0x00000000d8700000)
  from space 5120K, 0% used [0x00000000d8c00000,0x00000000d8c00000,0x00000000d9100000)
  to   space 5120K, 0% used [0x00000000d8700000,0x00000000d8700000,0x00000000d8c00000)
 ParOldGen       total 86016K, used 0K [0x0000000083400000, 0x0000000088800000, 0x00000000d6700000)
  object space 86016K, 0% used [0x0000000083400000,0x0000000083400000,0x0000000088800000)
 Metaspace       used 2761K, capacity 4550K, committed 4864K, reserved 1056768K
  class space    used 295K, capacity 386K, committed 512K, reserved 1048576K

Card table byte_map: [0x0000020a77280000,0x0000020a77670000] byte_map_base: 0x0000020a76e66000

Marking Bits: (ParMarkBitMap*) 0x000000006c7b6ff0
 Begin Bits: [0x0000020a77910000, 0x0000020a79840000)
 End Bits:   [0x0000020a79840000, 0x0000020a7b770000)

Polling page: 0x0000020a665b0000

CodeCache: size=245760Kb used=1133Kb max_used=1133Kb free=244626Kb
 bounds [0x0000020a67ec0000, 0x0000020a68130000, 0x0000020a76ec0000]
 total_blobs=266 nmethods=39 adapters=149
 compilation: enabled

Compilation events (3 events):
Event: 0.049 Thread 0x0000020a7d08e800    1       3       java.lang.String::charAt (29 bytes)
Event: 0.049 Thread 0x0000020a7d08e800 nmethod 1 0x0000020a67fc1f50 code [0x0000020a67fc20c0, 0x0000020a67fc2330]
Event: 0.049 Thread 0x0000020a7d08e800    2       3       java.lang.String::hashCode (55 bytes)

GC Heap History (0 events):
No events

Deoptimization events (0 events):
No events

Classes redefined (0 events):
No events

Internal exceptions (2 events):
Event: 0.024 Thread 0x0000020a66653800 Exception <a 'java/lang/NoSuchMethodError': Method sun.misc.Unsafe.defineClass(Ljava/lang/String;[BII)Ljava/lang/Class; name or signature does not match> (0x00000000d6707cc0) thrown at [C:\jenkins\workspace\8-2-build-windows-amd64-cygwin\jdk8u281\880\hots
Event: 0.024 Thread 0x0000020a66653800 Exception <a 'java/lang/NoSuchMethodError': Method sun.misc.Unsafe.prefetchRead(Ljava/lang/Object;J)V name or signature does not match> (0x00000000d6707fa8) thrown at [C:\jenkins\workspace\8-2-build-windows-amd64-cygwin\jdk8u281\880\hotspot\src\share\vm\p

Events (10 events):
Event: 0.048 loading class sun/misc/PostVMInitHook$1 done
Event: 0.049 loading class sun/usagetracker/UsageTrackerClient
Event: 0.049 loading class sun/usagetracker/UsageTrackerClient done
Event: 0.049 loading class java/util/concurrent/atomic/AtomicBoolean
Event: 0.049 loading class java/util/concurrent/atomic/AtomicBoolean done
Event: 0.049 loading class sun/usagetracker/UsageTrackerClient$1
Event: 0.049 loading class sun/usagetracker/UsageTrackerClient$1 done
Event: 0.049 loading class sun/usagetracker/UsageTrackerClient$4
Event: 0.049 loading class sun/usagetracker/UsageTrackerClient$4 done
Event: 0.049 loading class sun/usagetracker/UsageTrackerClient$2


Dynamic libraries:
0x00007ff67ce10000 - 0x00007ff67ce57000 	C:\Program Files\Java\jdk1.8.0_281\jre\bin\java.exe
0x00007ffd10ce0000 - 0x00007ffd10ed0000 	C:\windows\SYSTEM32\ntdll.dll
0x00007ffd0eeb0000 - 0x00007ffd0ef62000 	C:\windows\System32\KERNEL32.DLL
0x00007ffd0dc50000 - 0x00007ffd0def5000 	C:\windows\System32\KERNELBASE.dll
0x00007ffd0f560000 - 0x00007ffd0f603000 	C:\windows\System32\ADVAPI32.dll
0x00007ffd0ef70000 - 0x00007ffd0f00e000 	C:\windows\System32\msvcrt.dll
0x00007ffd100c0000 - 0x00007ffd10157000 	C:\windows\System32\sechost.dll
0x00007ffd0f210000 - 0x00007ffd0f330000 	C:\windows\System32\RPCRT4.dll
0x00007ffd0f770000 - 0x00007ffd0f904000 	C:\windows\System32\USER32.dll
0x00007ffd0dfe0000 - 0x00007ffd0e001000 	C:\windows\System32\win32u.dll
0x00007ffd0f1c0000 - 0x00007ffd0f1e6000 	C:\windows\System32\GDI32.dll
0x00007ffd0e940000 - 0x00007ffd0ead6000 	C:\windows\System32\gdi32full.dll
0x00007ffd0e060000 - 0x00007ffd0e0fe000 	C:\windows\System32\msvcp_win.dll
0x00007ffd0eae0000 - 0x00007ffd0ebda000 	C:\windows\System32\ucrtbase.dll
0x00007ffcf3750000 - 0x00007ffcf39d4000 	C:\windows\WinSxS\amd64_microsoft.windows.common-controls_6595b64144ccf1df_6.0.18362.1256_none_9e7e379be45e40e2\COMCTL32.dll
0x00007ffd0f910000 - 0x00007ffd0fc46000 	C:\windows\System32\combase.dll
0x00007ffd0e100000 - 0x00007ffd0e181000 	C:\windows\System32\bcryptPrimitives.dll
0x00007ffd0f480000 - 0x00007ffd0f4ae000 	C:\windows\System32\IMM32.DLL
0x00007ffcef9b0000 - 0x00007ffcef9c5000 	C:\Program Files\Java\jdk1.8.0_281\jre\bin\vcruntime140.dll
0x00007ffcd8e50000 - 0x00007ffcd8eeb000 	C:\Program Files\Java\jdk1.8.0_281\jre\bin\msvcp140.dll
0x000000006bfd0000 - 0x000000006c82f000 	C:\Program Files\Java\jdk1.8.0_281\jre\bin\server\jvm.dll
0x00007ffd0f400000 - 0x00007ffd0f408000 	C:\windows\System32\PSAPI.DLL
0x00007ffd098b0000 - 0x00007ffd098d4000 	C:\windows\SYSTEM32\WINMM.dll
0x00007ffd02b10000 - 0x00007ffd02b19000 	C:\windows\SYSTEM32\WSOCK32.dll
0x00007ffd03680000 - 0x00007ffd0368a000 	C:\windows\SYSTEM32\VERSION.dll
0x00007ffd0f410000 - 0x00007ffd0f47f000 	C:\windows\System32\WS2_32.dll
0x00007ffd09880000 - 0x00007ffd098ad000 	C:\windows\SYSTEM32\winmmbase.dll
0x00007ffd0e010000 - 0x00007ffd0e05a000 	C:\windows\System32\cfgmgr32.dll
0x00007ffd0db90000 - 0x00007ffd0dba1000 	C:\windows\System32\kernel.appcore.dll
0x00007ffcf3440000 - 0x00007ffcf3450000 	C:\Program Files\Java\jdk1.8.0_281\jre\bin\verify.dll
0x00007ffcef980000 - 0x00007ffcef9ab000 	C:\Program Files\Java\jdk1.8.0_281\jre\bin\java.dll
0x00007ffcef790000 - 0x00007ffcef7a8000 	C:\Program Files\Java\jdk1.8.0_281\jre\bin\zip.dll
0x00007ffd101d0000 - 0x00007ffd108b7000 	C:\windows\System32\SHELL32.dll
0x00007ffd0f4b0000 - 0x00007ffd0f559000 	C:\windows\System32\shcore.dll
0x00007ffd0e190000 - 0x00007ffd0e911000 	C:\windows\System32\windows.storage.dll
0x00007ffd0dbd0000 - 0x00007ffd0dbf3000 	C:\windows\System32\profapi.dll
0x00007ffd0dc00000 - 0x00007ffd0dc4a000 	C:\windows\System32\powrprof.dll
0x00007ffd0db80000 - 0x00007ffd0db90000 	C:\windows\System32\UMPDC.dll
0x00007ffd10b00000 - 0x00007ffd10b52000 	C:\windows\System32\shlwapi.dll
0x00007ffd0e920000 - 0x00007ffd0e937000 	C:\windows\System32\cryptsp.dll
0x00007ffd0c480000 - 0x00007ffd0c674000 	C:\windows\SYSTEM32\dbghelp.dll

VM Arguments:
java_command: C:\Users\vijay\AppData\Local\Temp\surefire7705689576216360395\surefirebooter874973541746572034.jar C:\Users\vijay\AppData\Local\Temp\surefire7705689576216360395 2021-03-05T21-15-05_522-jvmRun1 surefire7860711975684126324tmp surefire_01124542489892885702tmp
java_class_path (initial): C:\Users\vijay\AppData\Local\Temp\surefire7705689576216360395\surefirebooter874973541746572034.jar
Launcher Type: SUN_STANDARD

Environment Variables:
PATH=C:/Project/sts-4.9.0.RELEASE//plugins/org.eclipse.justj.openjdk.hotspot.jre.full.win32.x86_64_15.0.1.v20201027-0507/jre/bin/server;C:/Project/sts-4.9.0.RELEASE//plugins/org.eclipse.justj.openjdk.hotspot.jre.full.win32.x86_64_15.0.1.v20201027-0507/jre/bin;C:\Program Files\Java\jdk1.8.0_281\bin;C:\windows\system32;C:\windows;C:\windows\System32\Wbem;C:\windows\System32\WindowsPowerShell\v1.0\;C:\windows\System32\OpenSSH\;C:\Program Files\Java\jdk1.8.0_281\bin;C:\Users\vijay\AppData\Local\Microsoft\WindowsApps;;C:\Project\sts-4.9.0.RELEASE;
USERNAME=Nithya Periyasamy
OS=Windows_NT
PROCESSOR_IDENTIFIER=Intel64 Family 6 Model 142 Stepping 12, GenuineIntel



---------------  S Y S T E M  ---------------

OS: Windows 10.0 , 64 bit Build 18362 (10.0.18362.1110)

CPU:total 8 (initial active 8) (4 cores per cpu, 2 threads per core) family 6 model 142 stepping 12, cmov, cx8, fxsr, mmx, sse, sse2, sse3, ssse3, sse4.1, sse4.2, popcnt, avx, avx2, aes, clmul, erms, 3dnowpref, lzcnt, ht, tsc, tscinvbit, bmi1, bmi2, adx

Memory: 4k page, physical 8168932k(479344k free), swap 33334756k(2132k free)

vm_info: Java HotSpot(TM) 64-Bit Server VM (25.281-b09) for windows-amd64 JRE (1.8.0_281-b09), built on Dec  9 2020 13:54:07 by "" with MS VC++ 15.9 (VS2017)

time: Fri Mar  5 21:15:05 2021
timezone: AUS Eastern Daylight Time
elapsed time: 0.074374 seconds (0d 0h 0m 0s)

