#
# There is insufficient memory for the Java Runtime Environment to continue.
# Native memory allocation (malloc) failed to allocate 32744 bytes for ChunkPool::allocate
# Possible reasons:
#   The system is out of physical RAM or swap space
#   The process is running with CompressedOops enabled, and the Java Heap may be blocking the growth of the native heap
# Possible solutions:
#   Reduce memory load on the system
#   Increase physical memory or swap space
#   Check if swap backing store is full
#   Decrease Java heap size (-Xmx/-Xms)
#   Decrease number of Java threads
#   Decrease Java thread stack sizes (-Xss)
#   Set larger code cache with -XX:ReservedCodeCacheSize=
#   JVM is running with Unscaled Compressed Oops mode in which the Java heap is
#     placed in the first 4GB address space. The Java Heap base address is the
#     maximum limit for the native heap growth. Please use -XX:HeapBaseMinAddress
#     to set the Java Heap base and to place the Java Heap above 4GB virtual address.
# This output file may be truncated or incomplete.
#
#  Out of Memory Error (allocation.cpp:272), pid=21736, tid=0x0000000000008db4
#
# JRE version: Java(TM) SE Runtime Environment (8.0_281-b09) (build 1.8.0_281-b09)
# Java VM: Java HotSpot(TM) 64-Bit Server VM (25.281-b09 mixed mode windows-amd64 compressed oops)
# Failed to write core dump. Minidumps are not enabled by default on client versions of Windows
#

---------------  T H R E A D  ---------------

Current thread (0x0000014417191800):  JavaThread "C1 CompilerThread3" daemon [_thread_in_native, id=36276, stack(0x00000034f2100000,0x00000034f2200000)]

Stack: [0x00000034f2100000,0x00000034f2200000]
Native frames: (J=compiled Java code, j=interpreted, Vv=VM code, C=native code)
V  [jvm.dll+0x32e5b9]
V  [jvm.dll+0x275012]
V  [jvm.dll+0x275cbd]
V  [jvm.dll+0x26c6f5]
V  [jvm.dll+0xd569d]
V  [jvm.dll+0xd59fc]
V  [jvm.dll+0x19977e]
V  [jvm.dll+0x3ec711]
V  [jvm.dll+0x3e2946]
V  [jvm.dll+0x3ee24b]
V  [jvm.dll+0x3f1698]
V  [jvm.dll+0x3f112c]
V  [jvm.dll+0x3e8855]
V  [jvm.dll+0x3eace0]
V  [jvm.dll+0x3e8fcc]
V  [jvm.dll+0x3f1b6c]
V  [jvm.dll+0x3f112c]
V  [jvm.dll+0x3e8855]
V  [jvm.dll+0x3eace0]
V  [jvm.dll+0x3e8fcc]
V  [jvm.dll+0x3f1b6c]
V  [jvm.dll+0x3f112c]
V  [jvm.dll+0x3e8855]
V  [jvm.dll+0x3eace0]
V  [jvm.dll+0x3e90c4]
V  [jvm.dll+0x3e3066]
V  [jvm.dll+0x3f5cac]
V  [jvm.dll+0x3f5a22]
V  [jvm.dll+0x3dfa88]
V  [jvm.dll+0x3dfdae]
V  [jvm.dll+0x3e001e]
V  [jvm.dll+0x3df771]
V  [jvm.dll+0x3e11af]
V  [jvm.dll+0xabe9b]
V  [jvm.dll+0xaa4fb]
V  [jvm.dll+0x23d6b2]
V  [jvm.dll+0x291cbc]
C  [ucrtbase.dll+0x210b2]
C  [KERNEL32.DLL+0x17c24]
C  [ntdll.dll+0x6d4d1]


Current CompileTask:
C1:   3351 3337   !   3       com.sun.tools.javac.parser.JavaTokenizer::readToken (2243 bytes)


---------------  P R O C E S S  ---------------

Java Threads: ( => current thread )
  0x0000014418578800 JavaThread "Service Thread" daemon [_thread_blocked, id=23384, stack(0x00000034f2200000,0x00000034f2300000)]
=>0x0000014417191800 JavaThread "C1 CompilerThread3" daemon [_thread_in_native, id=36276, stack(0x00000034f2100000,0x00000034f2200000)]
  0x0000014417186000 JavaThread "C2 CompilerThread2" daemon [_thread_in_native, id=40752, stack(0x00000034f2000000,0x00000034f2100000)]
  0x000001441717a000 JavaThread "C2 CompilerThread1" daemon [_thread_in_native, id=28884, stack(0x00000034f1f00000,0x00000034f2000000)]
  0x0000014417175800 JavaThread "C2 CompilerThread0" daemon [_thread_in_native, id=54892, stack(0x00000034f1e00000,0x00000034f1f00000)]
  0x0000014417174000 JavaThread "Attach Listener" daemon [_thread_blocked, id=46632, stack(0x00000034f1d00000,0x00000034f1e00000)]
  0x0000014417173000 JavaThread "Signal Dispatcher" daemon [_thread_blocked, id=34156, stack(0x00000034f1c00000,0x00000034f1d00000)]
  0x000001441655c800 JavaThread "Finalizer" daemon [_thread_blocked, id=50200, stack(0x00000034f1b00000,0x00000034f1c00000)]
  0x000001441655b000 JavaThread "Reference Handler" daemon [_thread_blocked, id=52432, stack(0x00000034f1a00000,0x00000034f1b00000)]
  0x0000014400675000 JavaThread "main" [_thread_in_native, id=54284, stack(0x00000034f1000000,0x00000034f1100000)]

Other Threads:
  0x0000014417122800 VMThread [stack: 0x00000034f1900000,0x00000034f1a00000] [id=50516]
  0x00000144171fb000 WatcherThread [stack: 0x00000034f2300000,0x00000034f2400000] [id=38932]

VM state:not at safepoint (normal execution)

VM Mutex/Monitor currently owned by a thread: None

OutOfMemory and StackOverflow Exception counts:
OutOfMemoryError java_heap_errors=1

heap address: 0x0000000083400000, size: 1996 MB, Compressed Oops mode: 32-bit
Narrow klass base: 0x0000000000000000, Narrow klass shift: 3
Compressed class space size: 1073741824 Address: 0x0000000100000000

Heap:
 PSYoungGen      total 70656K, used 9657K [0x00000000d6700000, 0x00000000db100000, 0x0000000100000000)
  eden space 65536K, 14% used [0x00000000d6700000,0x00000000d706e5e8,0x00000000da700000)
  from space 5120K, 0% used [0x00000000dac00000,0x00000000dac00000,0x00000000db100000)
  to   space 5120K, 0% used [0x00000000da700000,0x00000000da700000,0x00000000dac00000)
 ParOldGen       total 70144K, used 13736K [0x0000000083400000, 0x0000000087880000, 0x00000000d6700000)
  object space 70144K, 19% used [0x0000000083400000,0x000000008416a388,0x0000000087880000)
 Metaspace       used 21902K, capacity 22490K, committed 22704K, reserved 1069056K
  class space    used 2600K, capacity 2783K, committed 2816K, reserved 1048576K

Card table byte_map: [0x0000014411350000,0x0000014411740000] byte_map_base: 0x0000014410f36000

Marking Bits: (ParMarkBitMap*) 0x000000006c7b6ff0
 Begin Bits: [0x00000144119e0000, 0x0000014413910000)
 End Bits:   [0x0000014413910000, 0x0000014415840000)

Polling page: 0x0000014400630000

CodeCache: size=245760Kb used=11819Kb max_used=11819Kb free=233940Kb
 bounds [0x0000014401f90000, 0x0000014402b30000, 0x0000014410f90000]
 total_blobs=3731 nmethods=3328 adapters=315
 compilation: enabled

Compilation events (10 events):
Event: 3.300 Thread 0x0000014417191800 nmethod 3332 0x0000014402b24790 code [0x0000014402b24920, 0x0000014402b24c50]
Event: 3.300 Thread 0x0000014417191800 3333       1       com.sun.tools.javac.util.List$1::isEmpty (2 bytes)
Event: 3.300 Thread 0x0000014417191800 nmethod 3333 0x0000014402b24dd0 code [0x0000014402b24f20, 0x0000014402b25038]
Event: 3.301 Thread 0x0000014417191800 3335       3       com.sun.tools.javac.util.IntHashTable::putAtIndex (93 bytes)
Event: 3.301 Thread 0x0000014417191800 nmethod 3335 0x0000014402b25090 code [0x0000014402b25220, 0x0000014402b256b0]
Event: 3.301 Thread 0x0000014417191800 3334       3       com.sun.tools.javac.util.IntHashTable::lookup (11 bytes)
Event: 3.301 Thread 0x0000014417191800 nmethod 3334 0x0000014402b25950 code [0x0000014402b25ac0, 0x0000014402b25d20]
Event: 3.302 Thread 0x0000014417191800 3336       1       com.sun.tools.javac.parser.Tokens$NamedToken::name (5 bytes)
Event: 3.302 Thread 0x0000014417191800 nmethod 3336 0x0000014402b25e10 code [0x0000014402b25f60, 0x0000014402b26078]
Event: 3.302 Thread 0x0000014417191800 3337   !   3       com.sun.tools.javac.parser.JavaTokenizer::readToken (2243 bytes)

GC Heap History (10 events):
Event: 1.596 GC heap before
{Heap before GC invocations=3 (full 0):
 PSYoungGen      total 37888K, used 37870K [0x00000000d6700000, 0x00000000db100000, 0x0000000100000000)
  eden space 32768K, 100% used [0x00000000d6700000,0x00000000d8700000,0x00000000d8700000)
  from space 5120K, 99% used [0x00000000d8c00000,0x00000000d90fb8d8,0x00000000d9100000)
  to   space 5120K, 0% used [0x00000000d8700000,0x00000000d8700000,0x00000000d8c00000)
 ParOldGen       total 86016K, used 2233K [0x0000000083400000, 0x0000000088800000, 0x00000000d6700000)
  object space 86016K, 2% used [0x0000000083400000,0x000000008362e668,0x0000000088800000)
 Metaspace       used 15331K, capacity 15528K, committed 15872K, reserved 1062912K
  class space    used 1851K, capacity 1940K, committed 2048K, reserved 1048576K
Event: 1.602 GC heap after
Heap after GC invocations=3 (full 0):
 PSYoungGen      total 37888K, used 5088K [0x00000000d6700000, 0x00000000db100000, 0x0000000100000000)
  eden space 32768K, 0% used [0x00000000d6700000,0x00000000d6700000,0x00000000d8700000)
  from space 5120K, 99% used [0x00000000d8700000,0x00000000d8bf8040,0x00000000d8c00000)
  to   space 5120K, 0% used [0x00000000dac00000,0x00000000dac00000,0x00000000db100000)
 ParOldGen       total 86016K, used 5683K [0x0000000083400000, 0x0000000088800000, 0x00000000d6700000)
  object space 86016K, 6% used [0x0000000083400000,0x000000008398cf88,0x0000000088800000)
 Metaspace       used 15331K, capacity 15528K, committed 15872K, reserved 1062912K
  class space    used 1851K, capacity 1940K, committed 2048K, reserved 1048576K
}
Event: 1.966 GC heap before
{Heap before GC invocations=4 (full 0):
 PSYoungGen      total 37888K, used 37856K [0x00000000d6700000, 0x00000000db100000, 0x0000000100000000)
  eden space 32768K, 100% used [0x00000000d6700000,0x00000000d8700000,0x00000000d8700000)
  from space 5120K, 99% used [0x00000000d8700000,0x00000000d8bf8040,0x00000000d8c00000)
  to   space 5120K, 0% used [0x00000000dac00000,0x00000000dac00000,0x00000000db100000)
 ParOldGen       total 86016K, used 5683K [0x0000000083400000, 0x0000000088800000, 0x00000000d6700000)
  object space 86016K, 6% used [0x0000000083400000,0x000000008398cf88,0x0000000088800000)
 Metaspace       used 15651K, capacity 15922K, committed 16128K, reserved 1062912K
  class space    used 1869K, capacity 1979K, committed 2048K, reserved 1048576K
Event: 1.972 GC heap after
Heap after GC invocations=4 (full 0):
 PSYoungGen      total 70656K, used 5088K [0x00000000d6700000, 0x00000000db100000, 0x0000000100000000)
  eden space 65536K, 0% used [0x00000000d6700000,0x00000000d6700000,0x00000000da700000)
  from space 5120K, 99% used [0x00000000dac00000,0x00000000db0f8040,0x00000000db100000)
  to   space 5120K, 0% used [0x00000000da700000,0x00000000da700000,0x00000000dac00000)
 ParOldGen       total 86016K, used 8973K [0x0000000083400000, 0x0000000088800000, 0x00000000d6700000)
  object space 86016K, 10% used [0x0000000083400000,0x0000000083cc37f8,0x0000000088800000)
 Metaspace       used 15651K, capacity 15922K, committed 16128K, reserved 1062912K
  class space    used 1869K, capacity 1979K, committed 2048K, reserved 1048576K
}
Event: 2.795 GC heap before
{Heap before GC invocations=5 (full 0):
 PSYoungGen      total 70656K, used 70624K [0x00000000d6700000, 0x00000000db100000, 0x0000000100000000)
  eden space 65536K, 100% used [0x00000000d6700000,0x00000000da700000,0x00000000da700000)
  from space 5120K, 99% used [0x00000000dac00000,0x00000000db0f8040,0x00000000db100000)
  to   space 5120K, 0% used [0x00000000da700000,0x00000000da700000,0x00000000dac00000)
 ParOldGen       total 86016K, used 8973K [0x0000000083400000, 0x0000000088800000, 0x00000000d6700000)
  object space 86016K, 10% used [0x0000000083400000,0x0000000083cc37f8,0x0000000088800000)
 Metaspace       used 17445K, capacity 17888K, committed 18048K, reserved 1064960K
  class space    used 2018K, capacity 2161K, committed 2176K, reserved 1048576K
Event: 2.802 GC heap after
Heap after GC invocations=5 (full 0):
 PSYoungGen      total 70656K, used 5111K [0x00000000d6700000, 0x00000000db100000, 0x0000000100000000)
  eden space 65536K, 0% used [0x00000000d6700000,0x00000000d6700000,0x00000000da700000)
  from space 5120K, 99% used [0x00000000da700000,0x00000000dabfdd38,0x00000000dac00000)
  to   space 5120K, 0% used [0x00000000dac00000,0x00000000dac00000,0x00000000db100000)
 ParOldGen       total 86016K, used 13604K [0x0000000083400000, 0x0000000088800000, 0x00000000d6700000)
  object space 86016K, 15% used [0x0000000083400000,0x0000000084149100,0x0000000088800000)
 Metaspace       used 17445K, capacity 17888K, committed 18048K, reserved 1064960K
  class space    used 2018K, capacity 2161K, committed 2176K, reserved 1048576K
}
Event: 3.079 GC heap before
{Heap before GC invocations=6 (full 0):
 PSYoungGen      total 70656K, used 20885K [0x00000000d6700000, 0x00000000db100000, 0x0000000100000000)
  eden space 65536K, 24% used [0x00000000d6700000,0x00000000d7667730,0x00000000da700000)
  from space 5120K, 99% used [0x00000000da700000,0x00000000dabfdd38,0x00000000dac00000)
  to   space 5120K, 0% used [0x00000000dac00000,0x00000000dac00000,0x00000000db100000)
 ParOldGen       total 86016K, used 13604K [0x0000000083400000, 0x0000000088800000, 0x00000000d6700000)
  object space 86016K, 15% used [0x0000000083400000,0x0000000084149100,0x0000000088800000)
 Metaspace       used 20597K, capacity 21114K, committed 21296K, reserved 1069056K
  class space    used 2443K, capacity 2623K, committed 2688K, reserved 1048576K
Event: 3.086 GC heap after
Heap after GC invocations=6 (full 0):
 PSYoungGen      total 70656K, used 5120K [0x00000000d6700000, 0x00000000db100000, 0x0000000100000000)
  eden space 65536K, 0% used [0x00000000d6700000,0x00000000d6700000,0x00000000da700000)
  from space 5120K, 100% used [0x00000000dac00000,0x00000000db100000,0x00000000db100000)
  to   space 5120K, 0% used [0x00000000da700000,0x00000000da700000,0x00000000dac00000)
 ParOldGen       total 86016K, used 15207K [0x0000000083400000, 0x0000000088800000, 0x00000000d6700000)
  object space 86016K, 17% used [0x0000000083400000,0x00000000842d9dd8,0x0000000088800000)
 Metaspace       used 20597K, capacity 21114K, committed 21296K, reserved 1069056K
  class space    used 2443K, capacity 2623K, committed 2688K, reserved 1048576K
}
Event: 3.086 GC heap before
{Heap before GC invocations=7 (full 1):
 PSYoungGen      total 70656K, used 5120K [0x00000000d6700000, 0x00000000db100000, 0x0000000100000000)
  eden space 65536K, 0% used [0x00000000d6700000,0x00000000d6700000,0x00000000da700000)
  from space 5120K, 100% used [0x00000000dac00000,0x00000000db100000,0x00000000db100000)
  to   space 5120K, 0% used [0x00000000da700000,0x00000000da700000,0x00000000dac00000)
 ParOldGen       total 86016K, used 15207K [0x0000000083400000, 0x0000000088800000, 0x00000000d6700000)
  object space 86016K, 17% used [0x0000000083400000,0x00000000842d9dd8,0x0000000088800000)
 Metaspace       used 20597K, capacity 21114K, committed 21296K, reserved 1069056K
  class space    used 2443K, capacity 2623K, committed 2688K, reserved 1048576K
Event: 3.134 GC heap after
Heap after GC invocations=7 (full 1):
 PSYoungGen      total 70656K, used 0K [0x00000000d6700000, 0x00000000db100000, 0x0000000100000000)
  eden space 65536K, 0% used [0x00000000d6700000,0x00000000d6700000,0x00000000da700000)
  from space 5120K, 0% used [0x00000000dac00000,0x00000000dac00000,0x00000000db100000)
  to   space 5120K, 0% used [0x00000000da700000,0x00000000da700000,0x00000000dac00000)
 ParOldGen       total 70144K, used 13736K [0x0000000083400000, 0x0000000087880000, 0x00000000d6700000)
  object space 70144K, 19% used [0x0000000083400000,0x000000008416a388,0x0000000087880000)
 Metaspace       used 20597K, capacity 21114K, committed 21296K, reserved 1069056K
  class space    used 2443K, capacity 2623K, committed 2688K, reserved 1048576K
}

Deoptimization events (10 events):
Event: 2.806 Thread 0x0000014400675000 Uncommon trap: reason=array_check action=maybe_recompile pc=0x00000144029cd360 method=java.util.TimSort.binarySort([Ljava/lang/Object;IIILjava/util/Comparator;)V @ 193
Event: 2.806 Thread 0x0000014400675000 Uncommon trap: reason=array_check action=maybe_recompile pc=0x00000144029cd360 method=java.util.TimSort.binarySort([Ljava/lang/Object;IIILjava/util/Comparator;)V @ 193
Event: 2.874 Thread 0x0000014400675000 Uncommon trap: reason=unstable_if action=reinterpret pc=0x00000144020b04c8 method=java.net.URI.match(CJJ)Z @ 19
Event: 2.875 Thread 0x0000014400675000 Uncommon trap: reason=unstable_if action=reinterpret pc=0x000001440276d300 method=java.nio.charset.CharsetDecoder.decode(Ljava/nio/ByteBuffer;Ljava/nio/CharBuffer;Z)Ljava/nio/charset/CoderResult; @ 1
Event: 3.202 Thread 0x0000014400675000 Uncommon trap: reason=range_check action=make_not_entrant pc=0x0000014402ad4a28 method=java.lang.String.charAt(I)C @ 27
Event: 3.211 Thread 0x0000014400675000 Uncommon trap: reason=unstable_if action=reinterpret pc=0x0000014402ac41d8 method=java.util.jar.Attributes$Name.isDigit(C)Z @ 3
Event: 3.218 Thread 0x0000014400675000 Uncommon trap: reason=unstable_if action=reinterpret pc=0x000001440234c3e4 method=java.util.jar.Manifest$FastInputStream.readLine([BII)I @ 87
Event: 3.272 Thread 0x0000014400675000 Uncommon trap: reason=bimorphic action=maybe_recompile pc=0x000001440284f428 method=java.util.regex.Matcher.match(II)Z @ 86
Event: 3.301 Thread 0x0000014400675000 Uncommon trap: reason=unstable_if action=reinterpret pc=0x00000144028443bc method=java.lang.CharacterDataLatin1.isWhitespace(I)Z @ 14
Event: 3.302 Thread 0x0000014400675000 Uncommon trap: reason=unstable_if action=reinterpret pc=0x000001440230bafc method=java.lang.CharacterDataLatin1.isWhitespace(I)Z @ 14

Classes redefined (0 events):
No events

Internal exceptions (10 events):
Event: 1.320 Thread 0x0000014400675000 Exception <a 'java/lang/NullPointerException'> (0x00000000d72eb6a0) thrown at [C:\jenkins\workspace\8-2-build-windows-amd64-cygwin\jdk8u281\880\hotspot\src\share\vm\interpreter\linkResolver.cpp, line 1185]
Event: 1.320 Thread 0x0000014400675000 Exception <a 'java/lang/NullPointerException'> (0x00000000d72eb8b8) thrown at [C:\jenkins\workspace\8-2-build-windows-amd64-cygwin\jdk8u281\880\hotspot\src\share\vm\interpreter\linkResolver.cpp, line 1185]
Event: 1.340 Thread 0x0000014400675000 Implicit null exception at 0x000001440219da16 to 0x000001440219ddbd
Event: 1.340 Thread 0x0000014400675000 Implicit null exception at 0x000001440218a756 to 0x000001440218aaf5
Event: 1.479 Thread 0x0000014400675000 Implicit null exception at 0x000001440255a550 to 0x000001440255b84d
Event: 1.618 Thread 0x0000014400675000 Implicit null exception at 0x0000014402632237 to 0x0000014402632481
Event: 2.056 Thread 0x0000014400675000 Implicit null exception at 0x0000014402349455 to 0x0000014402349625
Event: 2.058 Thread 0x0000014400675000 Implicit null exception at 0x00000144022a45af to 0x00000144022a4619
Event: 2.204 Thread 0x0000014400675000 Implicit null exception at 0x0000014402823175 to 0x00000144028235c5
Event: 2.874 Thread 0x0000014400675000 Exception <a 'java/lang/ClassNotFoundException': com/sun/tools/javac/api/JavacTool> (0x00000000d6c21230) thrown at [C:\jenkins\workspace\8-2-build-windows-amd64-cygwin\jdk8u281\880\hotspot\src\share\vm\classfile\systemDictionary.cpp, line 212]

Events (10 events):
Event: 3.298 loading class com/sun/tools/javac/code/BoundKind
Event: 3.298 loading class com/sun/tools/javac/code/BoundKind done
Event: 3.301 loading class com/sun/tools/javac/parser/JavaTokenizer$BasicComment
Event: 3.301 loading class com/sun/tools/javac/parser/JavaTokenizer$BasicComment done
Event: 3.301 Thread 0x0000014400675000 Uncommon trap: trap_request=0xffffff65 fr.pc=0x00000144028443bc
Event: 3.301 Thread 0x0000014400675000 DEOPT PACKING pc=0x00000144028443bc sp=0x00000034f10fd0d0
Event: 3.301 Thread 0x0000014400675000 DEOPT UNPACKING pc=0x0000014401fd5843 sp=0x00000034f10fcfb0 mode 2
Event: 3.302 Thread 0x0000014400675000 Uncommon trap: trap_request=0xffffff65 fr.pc=0x000001440230bafc
Event: 3.302 Thread 0x0000014400675000 DEOPT PACKING pc=0x000001440230bafc sp=0x00000034f10fd030
Event: 3.302 Thread 0x0000014400675000 DEOPT UNPACKING pc=0x0000014401fd5843 sp=0x00000034f10fcfb8 mode 2


Dynamic libraries:
0x00007ff67a550000 - 0x00007ff67a597000 	C:\Program Files\Java\jdk1.8.0_281\bin\javaw.exe
0x00007ffd10ce0000 - 0x00007ffd10ed0000 	C:\windows\SYSTEM32\ntdll.dll
0x00007ffd0eeb0000 - 0x00007ffd0ef62000 	C:\windows\System32\KERNEL32.DLL
0x00007ffd0dc50000 - 0x00007ffd0def5000 	C:\windows\System32\KERNELBASE.dll
0x00007ffd0f560000 - 0x00007ffd0f603000 	C:\windows\System32\ADVAPI32.dll
0x00007ffd0ef70000 - 0x00007ffd0f00e000 	C:\windows\System32\msvcrt.dll
0x00007ffd100c0000 - 0x00007ffd10157000 	C:\windows\System32\sechost.dll
0x00007ffd0f210000 - 0x00007ffd0f330000 	C:\windows\System32\RPCRT4.dll
0x00007ffd0f770000 - 0x00007ffd0f904000 	C:\windows\System32\USER32.dll
0x00007ffd0dfe0000 - 0x00007ffd0e001000 	C:\windows\System32\win32u.dll
0x00007ffd0f1c0000 - 0x00007ffd0f1e6000 	C:\windows\System32\GDI32.dll
0x00007ffd0e940000 - 0x00007ffd0ead6000 	C:\windows\System32\gdi32full.dll
0x00007ffd0e060000 - 0x00007ffd0e0fe000 	C:\windows\System32\msvcp_win.dll
0x00007ffd0eae0000 - 0x00007ffd0ebda000 	C:\windows\System32\ucrtbase.dll
0x00007ffcf3750000 - 0x00007ffcf39d4000 	C:\windows\WinSxS\amd64_microsoft.windows.common-controls_6595b64144ccf1df_6.0.18362.1256_none_9e7e379be45e40e2\COMCTL32.dll
0x00007ffd0f910000 - 0x00007ffd0fc46000 	C:\windows\System32\combase.dll
0x00007ffd0e100000 - 0x00007ffd0e181000 	C:\windows\System32\bcryptPrimitives.dll
0x00007ffd0f480000 - 0x00007ffd0f4ae000 	C:\windows\System32\IMM32.DLL
0x00007ffcebca0000 - 0x00007ffcebcb5000 	C:\Program Files\Java\jdk1.8.0_281\jre\bin\vcruntime140.dll
0x00007ffcd2990000 - 0x00007ffcd2a2b000 	C:\Program Files\Java\jdk1.8.0_281\jre\bin\msvcp140.dll
0x000000006bfd0000 - 0x000000006c82f000 	C:\Program Files\Java\jdk1.8.0_281\jre\bin\server\jvm.dll
0x00007ffd0f400000 - 0x00007ffd0f408000 	C:\windows\System32\PSAPI.DLL
0x00007ffd02b10000 - 0x00007ffd02b19000 	C:\windows\SYSTEM32\WSOCK32.dll
0x00007ffd098b0000 - 0x00007ffd098d4000 	C:\windows\SYSTEM32\WINMM.dll
0x00007ffd03680000 - 0x00007ffd0368a000 	C:\windows\SYSTEM32\VERSION.dll
0x00007ffd0f410000 - 0x00007ffd0f47f000 	C:\windows\System32\WS2_32.dll
0x00007ffd09880000 - 0x00007ffd098ad000 	C:\windows\SYSTEM32\WINMMBASE.dll
0x00007ffd0e010000 - 0x00007ffd0e05a000 	C:\windows\System32\cfgmgr32.dll
0x00007ffd0db90000 - 0x00007ffd0dba1000 	C:\windows\System32\kernel.appcore.dll
0x00007ffcf0050000 - 0x00007ffcf0060000 	C:\Program Files\Java\jdk1.8.0_281\jre\bin\verify.dll
0x00007ffceb060000 - 0x00007ffceb08b000 	C:\Program Files\Java\jdk1.8.0_281\jre\bin\java.dll
0x00007ffceb3d0000 - 0x00007ffceb3e8000 	C:\Program Files\Java\jdk1.8.0_281\jre\bin\zip.dll
0x00007ffd101d0000 - 0x00007ffd108b7000 	C:\windows\System32\SHELL32.dll
0x00007ffd0f4b0000 - 0x00007ffd0f559000 	C:\windows\System32\shcore.dll
0x00007ffd0e190000 - 0x00007ffd0e911000 	C:\windows\System32\windows.storage.dll
0x00007ffd0dbd0000 - 0x00007ffd0dbf3000 	C:\windows\System32\profapi.dll
0x00007ffd0dc00000 - 0x00007ffd0dc4a000 	C:\windows\System32\powrprof.dll
0x00007ffd0db80000 - 0x00007ffd0db90000 	C:\windows\System32\UMPDC.dll
0x00007ffd10b00000 - 0x00007ffd10b52000 	C:\windows\System32\shlwapi.dll
0x00007ffd0e920000 - 0x00007ffd0e937000 	C:\windows\System32\cryptsp.dll
0x00007ffd0cf40000 - 0x00007ffd0cf73000 	C:\windows\system32\rsaenh.dll
0x00007ffd0df00000 - 0x00007ffd0df26000 	C:\windows\System32\bcrypt.dll
0x00007ffd0daa0000 - 0x00007ffd0dac5000 	C:\windows\SYSTEM32\USERENV.dll
0x00007ffd0d5a0000 - 0x00007ffd0d5ac000 	C:\windows\SYSTEM32\CRYPTBASE.dll
0x00007ffceaf80000 - 0x00007ffceaf9c000 	C:\Program Files\Java\jdk1.8.0_281\jre\bin\net.dll
0x00007ffd0d3d0000 - 0x00007ffd0d437000 	C:\windows\system32\mswsock.dll
0x00007ffd0d0e0000 - 0x00007ffd0d11a000 	C:\windows\SYSTEM32\IPHLPAPI.DLL
0x00007ffd0edf0000 - 0x00007ffd0edf8000 	C:\windows\System32\NSI.dll
0x00007ffd037b0000 - 0x00007ffd037c6000 	C:\windows\SYSTEM32\dhcpcsvc6.DLL
0x00007ffd03750000 - 0x00007ffd0376c000 	C:\windows\SYSTEM32\dhcpcsvc.DLL
0x00007ffd0d120000 - 0x00007ffd0d1eb000 	C:\windows\SYSTEM32\DNSAPI.dll
0x00007ffcead90000 - 0x00007ffceada3000 	C:\Program Files\Java\jdk1.8.0_281\jre\bin\nio.dll
0x00007ffceea30000 - 0x00007ffceea3a000 	C:\Users\vijay\AppData\Local\Temp\jansi-1.17.1-689979699887808714.dll
0x00007ffd0c480000 - 0x00007ffd0c674000 	C:\windows\SYSTEM32\dbghelp.dll

VM Arguments:
jvm_args: -Dmaven.home=EMBEDDED -Dclassworlds.conf=C:\Users\vijay\Documents\workspace-spring-tool-suite-4-4.9.0.RELEASE\.metadata\.plugins\org.eclipse.m2e.launching\launches\m2conf14009763419994334505.tmp -Dmaven.multiModuleProjectDirectory=C:\Project\Project\sampleproject -Djansi.force=true -Djansi.passthrough=true -Dfile.encoding=Cp1252 
java_command: org.codehaus.plexus.classworlds.launcher.Launcher -B clean install -Dstyle.color=always
java_class_path (initial): C:\Project\sts-4.9.0.RELEASE\plugins\org.eclipse.m2e.maven.runtime_1.16.0.20200610-1735\jars\plexus-classworlds-2.6.0.jar
Launcher Type: SUN_STANDARD

Environment Variables:
PATH=C:/Project/sts-4.9.0.RELEASE//plugins/org.eclipse.justj.openjdk.hotspot.jre.full.win32.x86_64_15.0.1.v20201027-0507/jre/bin/server;C:/Project/sts-4.9.0.RELEASE//plugins/org.eclipse.justj.openjdk.hotspot.jre.full.win32.x86_64_15.0.1.v20201027-0507/jre/bin;C:\Program Files\Java\jdk1.8.0_281\bin;C:\windows\system32;C:\windows;C:\windows\System32\Wbem;C:\windows\System32\WindowsPowerShell\v1.0\;C:\windows\System32\OpenSSH\;C:\Program Files\Java\jdk1.8.0_281\bin;C:\Users\vijay\AppData\Local\Microsoft\WindowsApps;;C:\Project\sts-4.9.0.RELEASE;
USERNAME=Nithya Periyasamy
OS=Windows_NT
PROCESSOR_IDENTIFIER=Intel64 Family 6 Model 142 Stepping 12, GenuineIntel



---------------  S Y S T E M  ---------------

OS: Windows 10.0 , 64 bit Build 18362 (10.0.18362.1110)

CPU:total 8 (initial active 8) (4 cores per cpu, 2 threads per core) family 6 model 142 stepping 12, cmov, cx8, fxsr, mmx, sse, sse2, sse3, ssse3, sse4.1, sse4.2, popcnt, avx, avx2, aes, clmul, erms, 3dnowpref, lzcnt, ht, tsc, tscinvbit, bmi1, bmi2, adx

Memory: 4k page, physical 8168932k(781032k free), swap 33334756k(2232k free)

vm_info: Java HotSpot(TM) 64-Bit Server VM (25.281-b09) for windows-amd64 JRE (1.8.0_281-b09), built on Dec  9 2020 13:54:07 by "" with MS VC++ 15.9 (VS2017)

time: Fri Mar  5 17:54:07 2021
timezone: AUS Eastern Daylight Time
elapsed time: 3.356885 seconds (0d 0h 0m 3s)

